The system is: Darwin - 18.2.0 - x86_64
Compiling the C compiler identification source file "CMakeCCompilerId.c" succeeded.
Compiler: /Library/Developer/CommandLineTools/usr/bin/cc 
Build flags: ;-g;-O2;-Wall;-Wextra;-Wformat=2;-Winit-self;-Wfloat-equal;-Wshadow;-Wpointer-arith;-Wcast-align;-Wstrict-prototypes;-Wwrite-strings;-Waggregate-return;-Wconversion;-Werror=format-security;-Werror=implicit-function-declaration
Id flags:  

The output was:
0


Compilation of the C compiler identification source "CMakeCCompilerId.c" produced "a.out"

The C compiler identification is AppleClang, found in "/Volumes/MacintoshHD/Tomas/Documents/UGent/Master2/Semester1/Algoritmen_&_Datastructuren_3/project/build/CMakeFiles/3.12.3/CompilerIdC/a.out"

Determining if the C compiler works passed with the following output:
Change Dir: /Volumes/MacintoshHD/Tomas/Documents/UGent/Master2/Semester1/Algoritmen_&_Datastructuren_3/project/build/CMakeFiles/CMakeTmp

Run Build Command:"/usr/bin/make" "cmTC_5382d/fast"
/Library/Developer/CommandLineTools/usr/bin/make -f CMakeFiles/cmTC_5382d.dir/build.make CMakeFiles/cmTC_5382d.dir/build
Building C object CMakeFiles/cmTC_5382d.dir/testCCompiler.c.o
/Library/Developer/CommandLineTools/usr/bin/cc   -g -O2 -Wall -Wextra -Wformat=2 -Winit-self -Wfloat-equal -Wshadow -Wpointer-arith -Wcast-align -Wstrict-prototypes -Wwrite-strings -Waggregate-return -Wconversion -Werror=format-security -Werror=implicit-function-declaration    -std=gnu11 -o CMakeFiles/cmTC_5382d.dir/testCCompiler.c.o   -c "/Volumes/MacintoshHD/Tomas/Documents/UGent/Master2/Semester1/Algoritmen_&_Datastructuren_3/project/build/CMakeFiles/CMakeTmp/testCCompiler.c"
Linking C executable cmTC_5382d
/usr/local/Cellar/cmake/3.12.3/bin/cmake -E cmake_link_script CMakeFiles/cmTC_5382d.dir/link.txt --verbose=1
/Library/Developer/CommandLineTools/usr/bin/cc  -g -O2 -Wall -Wextra -Wformat=2 -Winit-self -Wfloat-equal -Wshadow -Wpointer-arith -Wcast-align -Wstrict-prototypes -Wwrite-strings -Waggregate-return -Wconversion -Werror=format-security -Werror=implicit-function-declaration  -Wl,-search_paths_first -Wl,-headerpad_max_install_names   CMakeFiles/cmTC_5382d.dir/testCCompiler.c.o  -o cmTC_5382d 


Detecting C compiler ABI info compiled with the following output:
Change Dir: /Volumes/MacintoshHD/Tomas/Documents/UGent/Master2/Semester1/Algoritmen_&_Datastructuren_3/project/build/CMakeFiles/CMakeTmp

Run Build Command:"/usr/bin/make" "cmTC_bb48b/fast"
/Library/Developer/CommandLineTools/usr/bin/make -f CMakeFiles/cmTC_bb48b.dir/build.make CMakeFiles/cmTC_bb48b.dir/build
Building C object CMakeFiles/cmTC_bb48b.dir/CMakeCCompilerABI.c.o
/Library/Developer/CommandLineTools/usr/bin/cc   -g -O2 -Wall -Wextra -Wformat=2 -Winit-self -Wfloat-equal -Wshadow -Wpointer-arith -Wcast-align -Wstrict-prototypes -Wwrite-strings -Waggregate-return -Wconversion -Werror=format-security -Werror=implicit-function-declaration    -std=gnu11 -o CMakeFiles/cmTC_bb48b.dir/CMakeCCompilerABI.c.o   -c /usr/local/Cellar/cmake/3.12.3/share/cmake/Modules/CMakeCCompilerABI.c
Linking C executable cmTC_bb48b
/usr/local/Cellar/cmake/3.12.3/bin/cmake -E cmake_link_script CMakeFiles/cmTC_bb48b.dir/link.txt --verbose=1
/Library/Developer/CommandLineTools/usr/bin/cc  -g -O2 -Wall -Wextra -Wformat=2 -Winit-self -Wfloat-equal -Wshadow -Wpointer-arith -Wcast-align -Wstrict-prototypes -Wwrite-strings -Waggregate-return -Wconversion -Werror=format-security -Werror=implicit-function-declaration  -Wl,-search_paths_first -Wl,-headerpad_max_install_names  -v -Wl,-v CMakeFiles/cmTC_bb48b.dir/CMakeCCompilerABI.c.o  -o cmTC_bb48b 
Apple LLVM version 10.0.0 (clang-1000.10.44.4)
Target: x86_64-apple-darwin18.2.0
Thread model: posix
InstalledDir: /Library/Developer/CommandLineTools/usr/bin
 "/Library/Developer/CommandLineTools/usr/bin/ld" -demangle -lto_library /Library/Developer/CommandLineTools/usr/lib/libLTO.dylib -dynamic -arch x86_64 -macosx_version_min 10.14.0 -o cmTC_bb48b -search_paths_first -headerpad_max_install_names -v CMakeFiles/cmTC_bb48b.dir/CMakeCCompilerABI.c.o -lSystem /Library/Developer/CommandLineTools/usr/lib/clang/10.0.0/lib/darwin/libclang_rt.osx.a
@(#)PROGRAM:ld  PROJECT:ld64-409.12
BUILD 17:47:51 Sep 25 2018
configured to support archs: armv6 armv7 armv7s arm64 i386 x86_64 x86_64h armv6m armv7k armv7m armv7em
Library search paths:
	/usr/lib
	/usr/local/lib
Framework search paths:
	/Library/Frameworks/
	/System/Library/Frameworks/


Parsed C implicit link information from above output:
  link line regex: [^( *|.*[/\])(ld|CMAKE_LINK_STARTFILE-NOTFOUND|([^/\]+-)?ld|collect2)[^/\]*( |$)]
  ignore line: [Change Dir: /Volumes/MacintoshHD/Tomas/Documents/UGent/Master2/Semester1/Algoritmen_&_Datastructuren_3/project/build/CMakeFiles/CMakeTmp]
  ignore line: []
  ignore line: [Run Build Command:"/usr/bin/make" "cmTC_bb48b/fast"]
  ignore line: [/Library/Developer/CommandLineTools/usr/bin/make -f CMakeFiles/cmTC_bb48b.dir/build.make CMakeFiles/cmTC_bb48b.dir/build]
  ignore line: [Building C object CMakeFiles/cmTC_bb48b.dir/CMakeCCompilerABI.c.o]
  ignore line: [/Library/Developer/CommandLineTools/usr/bin/cc   -g -O2 -Wall -Wextra -Wformat=2 -Winit-self -Wfloat-equal -Wshadow -Wpointer-arith -Wcast-align -Wstrict-prototypes -Wwrite-strings -Waggregate-return -Wconversion -Werror=format-security -Werror=implicit-function-declaration    -std=gnu11 -o CMakeFiles/cmTC_bb48b.dir/CMakeCCompilerABI.c.o   -c /usr/local/Cellar/cmake/3.12.3/share/cmake/Modules/CMakeCCompilerABI.c]
  ignore line: [Linking C executable cmTC_bb48b]
  ignore line: [/usr/local/Cellar/cmake/3.12.3/bin/cmake -E cmake_link_script CMakeFiles/cmTC_bb48b.dir/link.txt --verbose=1]
  ignore line: [/Library/Developer/CommandLineTools/usr/bin/cc  -g -O2 -Wall -Wextra -Wformat=2 -Winit-self -Wfloat-equal -Wshadow -Wpointer-arith -Wcast-align -Wstrict-prototypes -Wwrite-strings -Waggregate-return -Wconversion -Werror=format-security -Werror=implicit-function-declaration  -Wl,-search_paths_first -Wl,-headerpad_max_install_names  -v -Wl,-v CMakeFiles/cmTC_bb48b.dir/CMakeCCompilerABI.c.o  -o cmTC_bb48b ]
  ignore line: [Apple LLVM version 10.0.0 (clang-1000.10.44.4)]
  ignore line: [Target: x86_64-apple-darwin18.2.0]
  ignore line: [Thread model: posix]
  ignore line: [InstalledDir: /Library/Developer/CommandLineTools/usr/bin]
  link line: [ "/Library/Developer/CommandLineTools/usr/bin/ld" -demangle -lto_library /Library/Developer/CommandLineTools/usr/lib/libLTO.dylib -dynamic -arch x86_64 -macosx_version_min 10.14.0 -o cmTC_bb48b -search_paths_first -headerpad_max_install_names -v CMakeFiles/cmTC_bb48b.dir/CMakeCCompilerABI.c.o -lSystem /Library/Developer/CommandLineTools/usr/lib/clang/10.0.0/lib/darwin/libclang_rt.osx.a]
    arg [/Library/Developer/CommandLineTools/usr/bin/ld] ==> ignore
    arg [-demangle] ==> ignore
    arg [-lto_library] ==> ignore, skip following value
    arg [/Library/Developer/CommandLineTools/usr/lib/libLTO.dylib] ==> skip value of -lto_library
    arg [-dynamic] ==> ignore
    arg [-arch] ==> ignore
    arg [x86_64] ==> ignore
    arg [-macosx_version_min] ==> ignore
    arg [10.14.0] ==> ignore
    arg [-o] ==> ignore
    arg [cmTC_bb48b] ==> ignore
    arg [-search_paths_first] ==> ignore
    arg [-headerpad_max_install_names] ==> ignore
    arg [-v] ==> ignore
    arg [CMakeFiles/cmTC_bb48b.dir/CMakeCCompilerABI.c.o] ==> ignore
    arg [-lSystem] ==> lib [System]
    arg [/Library/Developer/CommandLineTools/usr/lib/clang/10.0.0/lib/darwin/libclang_rt.osx.a] ==> lib [/Library/Developer/CommandLineTools/usr/lib/clang/10.0.0/lib/darwin/libclang_rt.osx.a]
  Library search paths: [;/usr/lib;/usr/local/lib]
  Framework search paths: [;/Library/Frameworks/;/System/Library/Frameworks/]
  remove lib [System]
  remove lib [/Library/Developer/CommandLineTools/usr/lib/clang/10.0.0/lib/darwin/libclang_rt.osx.a]
  collapse library dir [/usr/lib] ==> [/usr/lib]
  collapse library dir [/usr/local/lib] ==> [/usr/local/lib]
  collapse framework dir [/Library/Frameworks/] ==> [/Library/Frameworks]
  collapse framework dir [/System/Library/Frameworks/] ==> [/System/Library/Frameworks]
  implicit libs: []
  implicit dirs: [/usr/lib;/usr/local/lib]
  implicit fwks: [/Library/Frameworks;/System/Library/Frameworks]




Detecting C [-std=c11] compiler features compiled with the following output:
Change Dir: /Volumes/MacintoshHD/Tomas/Documents/UGent/Master2/Semester1/Algoritmen_&_Datastructuren_3/project/build/CMakeFiles/CMakeTmp

Run Build Command:"/usr/bin/make" "cmTC_d8d48/fast"
/Library/Developer/CommandLineTools/usr/bin/make -f CMakeFiles/cmTC_d8d48.dir/build.make CMakeFiles/cmTC_d8d48.dir/build
Building C object CMakeFiles/cmTC_d8d48.dir/feature_tests.c.o
/Library/Developer/CommandLineTools/usr/bin/cc   -g -O2 -Wall -Wextra -Wformat=2 -Winit-self -Wfloat-equal -Wshadow -Wpointer-arith -Wcast-align -Wstrict-prototypes -Wwrite-strings -Waggregate-return -Wconversion -Werror=format-security -Werror=implicit-function-declaration    -std=c11 -std=gnu11 -o CMakeFiles/cmTC_d8d48.dir/feature_tests.c.o   -c "/Volumes/MacintoshHD/Tomas/Documents/UGent/Master2/Semester1/Algoritmen_&_Datastructuren_3/project/build/CMakeFiles/feature_tests.c"
Linking C executable cmTC_d8d48
/usr/local/Cellar/cmake/3.12.3/bin/cmake -E cmake_link_script CMakeFiles/cmTC_d8d48.dir/link.txt --verbose=1
/Library/Developer/CommandLineTools/usr/bin/cc  -g -O2 -Wall -Wextra -Wformat=2 -Winit-self -Wfloat-equal -Wshadow -Wpointer-arith -Wcast-align -Wstrict-prototypes -Wwrite-strings -Waggregate-return -Wconversion -Werror=format-security -Werror=implicit-function-declaration  -Wl,-search_paths_first -Wl,-headerpad_max_install_names   CMakeFiles/cmTC_d8d48.dir/feature_tests.c.o  -o cmTC_d8d48 


    Feature record: C_FEATURE:1c_function_prototypes
    Feature record: C_FEATURE:1c_restrict
    Feature record: C_FEATURE:1c_static_assert
    Feature record: C_FEATURE:1c_variadic_macros


Detecting C [-std=c99] compiler features compiled with the following output:
Change Dir: /Volumes/MacintoshHD/Tomas/Documents/UGent/Master2/Semester1/Algoritmen_&_Datastructuren_3/project/build/CMakeFiles/CMakeTmp

Run Build Command:"/usr/bin/make" "cmTC_78426/fast"
/Library/Developer/CommandLineTools/usr/bin/make -f CMakeFiles/cmTC_78426.dir/build.make CMakeFiles/cmTC_78426.dir/build
Building C object CMakeFiles/cmTC_78426.dir/feature_tests.c.o
/Library/Developer/CommandLineTools/usr/bin/cc   -g -O2 -Wall -Wextra -Wformat=2 -Winit-self -Wfloat-equal -Wshadow -Wpointer-arith -Wcast-align -Wstrict-prototypes -Wwrite-strings -Waggregate-return -Wconversion -Werror=format-security -Werror=implicit-function-declaration    -std=c99 -std=gnu11 -o CMakeFiles/cmTC_78426.dir/feature_tests.c.o   -c "/Volumes/MacintoshHD/Tomas/Documents/UGent/Master2/Semester1/Algoritmen_&_Datastructuren_3/project/build/CMakeFiles/feature_tests.c"
Linking C executable cmTC_78426
/usr/local/Cellar/cmake/3.12.3/bin/cmake -E cmake_link_script CMakeFiles/cmTC_78426.dir/link.txt --verbose=1
/Library/Developer/CommandLineTools/usr/bin/cc  -g -O2 -Wall -Wextra -Wformat=2 -Winit-self -Wfloat-equal -Wshadow -Wpointer-arith -Wcast-align -Wstrict-prototypes -Wwrite-strings -Waggregate-return -Wconversion -Werror=format-security -Werror=implicit-function-declaration  -Wl,-search_paths_first -Wl,-headerpad_max_install_names   CMakeFiles/cmTC_78426.dir/feature_tests.c.o  -o cmTC_78426 


    Feature record: C_FEATURE:1c_function_prototypes
    Feature record: C_FEATURE:1c_restrict
    Feature record: C_FEATURE:1c_static_assert
    Feature record: C_FEATURE:1c_variadic_macros


Detecting C [-std=c90] compiler features compiled with the following output:
Change Dir: /Volumes/MacintoshHD/Tomas/Documents/UGent/Master2/Semester1/Algoritmen_&_Datastructuren_3/project/build/CMakeFiles/CMakeTmp

Run Build Command:"/usr/bin/make" "cmTC_7203e/fast"
/Library/Developer/CommandLineTools/usr/bin/make -f CMakeFiles/cmTC_7203e.dir/build.make CMakeFiles/cmTC_7203e.dir/build
Building C object CMakeFiles/cmTC_7203e.dir/feature_tests.c.o
/Library/Developer/CommandLineTools/usr/bin/cc   -g -O2 -Wall -Wextra -Wformat=2 -Winit-self -Wfloat-equal -Wshadow -Wpointer-arith -Wcast-align -Wstrict-prototypes -Wwrite-strings -Waggregate-return -Wconversion -Werror=format-security -Werror=implicit-function-declaration    -std=c90 -std=gnu11 -o CMakeFiles/cmTC_7203e.dir/feature_tests.c.o   -c "/Volumes/MacintoshHD/Tomas/Documents/UGent/Master2/Semester1/Algoritmen_&_Datastructuren_3/project/build/CMakeFiles/feature_tests.c"
Linking C executable cmTC_7203e
/usr/local/Cellar/cmake/3.12.3/bin/cmake -E cmake_link_script CMakeFiles/cmTC_7203e.dir/link.txt --verbose=1
/Library/Developer/CommandLineTools/usr/bin/cc  -g -O2 -Wall -Wextra -Wformat=2 -Winit-self -Wfloat-equal -Wshadow -Wpointer-arith -Wcast-align -Wstrict-prototypes -Wwrite-strings -Waggregate-return -Wconversion -Werror=format-security -Werror=implicit-function-declaration  -Wl,-search_paths_first -Wl,-headerpad_max_install_names   CMakeFiles/cmTC_7203e.dir/feature_tests.c.o  -o cmTC_7203e 


    Feature record: C_FEATURE:1c_function_prototypes
    Feature record: C_FEATURE:1c_restrict
    Feature record: C_FEATURE:1c_static_assert
    Feature record: C_FEATURE:1c_variadic_macros
